Synthesizing design: ahb_slave.sv
dc_shell-t -x "source -echo do_mapping.tcl"
                                        
                           Design Compiler Graphical 
                                 DC Ultra (TM)
                                  DFTMAX (TM)
                              Power Compiler (TM)
                                 DesignWare (R)
                                 DC Expert (TM)
                               Design Vision (TM)
                               HDL Compiler (TM)
                               VHDL Compiler (TM)
                                  DFT Compiler
                               Design Compiler(R)
                                        
               Version K-2015.06-SP1 for linux64 - Jul 21, 2015 
                                        
                    Copyright (c) 1988 - 2015 Synopsys, Inc.
   This software and the associated documentation are proprietary to Synopsys,
 Inc. This software may only be used in accordance with the terms and conditions
 of a written license agreement with Synopsys, Inc. All other use, reproduction,
            or distribution of this software is strictly prohibited.
Initializing...
Initializing gui preferences from file  /home/ecegrid/a/mg131/.synopsys_dv_prefs.tcl
# Step 1:  Read in the source file
analyze -format sverilog -lib WORK { ahb_slave.sv}
Running PRESTO HDLC
Compiling source file ./source/ahb_slave.sv
Presto compilation completed successfully.
Loading db file '/package/eda/cells/OSU/v2.7/synopsys/lib/ami05/osu05_stdcells.db'
Loading db file '/package/eda/synopsys/syn-K-2015.06-SP1/libraries/syn/dw_foundation.sldb'
elaborate ahb_slave -lib WORK
Loading db file '/package/eda/synopsys/syn-K-2015.06-SP1/libraries/syn/gtech.db'
Loading db file '/package/eda/synopsys/syn-K-2015.06-SP1/libraries/syn/standard.sldb'
  Loading link library 'osu05_stdcells'
  Loading link library 'gtech'
Running PRESTO HDLC
Presto compilation completed successfully.
Elaborated 1 design.
Current design is now 'ahb_slave'.
Information: Building the design 'controller_ahb_slave'. (HDL-193)

Statistics for case statements in always block at line 32 in file
	'./source/controller_ahb_slave.sv'
===============================================
|           Line           |  full/ parallel  |
===============================================
|            35            |     no/auto      |
===============================================

Statistics for case statements in always block at line 80 in file
	'./source/controller_ahb_slave.sv'
===============================================
|           Line           |  full/ parallel  |
===============================================
|            82            |     no/auto      |
===============================================

Inferred memory devices in process
	in routine controller_ahb_slave line 24 in file
		'./source/controller_ahb_slave.sv'.
===============================================================================
|    Register Name    |   Type    | Width | Bus | MB | AR | AS | SR | SS | ST |
===============================================================================
|      state_reg      | Flip-flop |   3   |  Y  | N  | Y  | N  | N  | N  | N  |
===============================================================================

Inferred memory devices in process
	in routine controller_ahb_slave line 80 in file
		'./source/controller_ahb_slave.sv'.
===========================================================================
|    Register Name    | Type  | Width | Bus | MB | AR | AS | SR | SS | ST |
===========================================================================
|     status_reg      | Latch |   3   |  Y  | N  | N  | N  | -  | -  | -  |
===========================================================================
Warning:  ./source/controller_ahb_slave.sv:80: Netlist for always_comb block contains a latch. (ELAB-974)
Presto compilation completed successfully.
Information: Building the design 'decoder_ahb'. (HDL-193)

Inferred memory devices in process
	in routine decoder_ahb line 27 in file
		'./source/decoder_ahb.sv'.
===============================================================================
|    Register Name    |   Type    | Width | Bus | MB | AR | AS | SR | SS | ST |
===============================================================================
|    dest_addr_reg    | Flip-flop |  32   |  Y  | N  | Y  | N  | N  | N  | N  |
|     length_reg      | Flip-flop |  16   |  Y  | N  | Y  | N  | N  | N  | N  |
|      width_reg      | Flip-flop |  16   |  Y  | N  | Y  | N  | N  | N  | N  |
|   source_addr_reg   | Flip-flop |  32   |  Y  | N  | Y  | N  | N  | N  | N  |
===============================================================================

Inferred memory devices in process
	in routine decoder_ahb line 43 in file
		'./source/decoder_ahb.sv'.
============================================================================
|    Register Name     | Type  | Width | Bus | MB | AR | AS | SR | SS | ST |
============================================================================
|  next_dest_addr_reg  | Latch |  32   |  Y  | N  | N  | N  | -  | -  | -  |
|   next_length_reg    | Latch |  16   |  Y  | N  | N  | N  | -  | -  | -  |
|    next_width_reg    | Latch |  16   |  Y  | N  | N  | N  | -  | -  | -  |
| next_source_addr_reg | Latch |  32   |  Y  | N  | N  | N  | -  | -  | -  |
============================================================================
Warning:  ./source/decoder_ahb.sv:43: Netlist for always_comb block contains a latch. (ELAB-974)
Presto compilation completed successfully.
uniquify
# Step 2: Set design constraints
# Uncomment below to set timing, area, power, etc. constraints
# set_max_delay <delay> -from "<input>" -to "<output>"
# set_max_area <area>
# set_max_total_power <power> mW
# Step 3: Compile the design
compile -map_effort medium
Information: Evaluating DesignWare library utilization. (UISN-27)

============================================================================
| DesignWare Building Block Library  |         Version         | Available |
============================================================================
| Basic DW Building Blocks           | K-2015.06-DWBB_201506.1 |     *     |
| Licensed DW Building Blocks        | K-2015.06-DWBB_201506.1 |           |
============================================================================



  Beginning Pass 1 Mapping
  ------------------------
  Processing 'decoder_ahb'
  Processing 'controller_ahb_slave'
  Processing 'ahb_slave'

  Updating timing information
Information: Updating design information... (UID-85)
Information: Design 'ahb_slave' has no optimization constraints set. (OPT-108)

  Beginning Mapping Optimizations  (Medium effort)
  -------------------------------
  Structuring 'decoder_ahb'
  Mapping 'decoder_ahb'
  Structuring 'controller_ahb_slave'
  Mapping 'controller_ahb_slave'

                                  TOTAL                                      
   ELAPSED            WORST NEG   SETUP    DESIGN                            
    TIME      AREA      SLACK     COST    RULE COST         ENDPOINT         
  --------- --------- --------- --------- --------- -------------------------
    0:00:01  213084.0      0.00       0.0       6.1                          
    0:00:01  213084.0      0.00       0.0       6.1                          
    0:00:01  213084.0      0.00       0.0       6.1                          
    0:00:01  213084.0      0.00       0.0       6.1                          
    0:00:01  213084.0      0.00       0.0       6.1                          
    0:00:01  213084.0      0.00       0.0       6.1                          
    0:00:01  213084.0      0.00       0.0       6.1                          
    0:00:01  213084.0      0.00       0.0       6.1                          
    0:00:01  213084.0      0.00       0.0       6.1                          
    0:00:01  213444.0      0.00       0.0       4.1                          
    0:00:01  213732.0      0.00       0.0       3.3                          
    0:00:01  214092.0      0.00       0.0       2.4                          
    0:00:01  214308.0      0.00       0.0       2.1                          
    0:00:01  214308.0      0.00       0.0       2.1                          
    0:00:01  214308.0      0.00       0.0       2.1                          
    0:00:01  214308.0      0.00       0.0       2.1                          



  Beginning Delay Optimization Phase
  ----------------------------------

                                  TOTAL                                      
   ELAPSED            WORST NEG   SETUP    DESIGN                            
    TIME      AREA      SLACK     COST    RULE COST         ENDPOINT         
  --------- --------- --------- --------- --------- -------------------------
    0:00:01  214308.0      0.00       0.0       2.1                          
    0:00:01  214308.0      0.00       0.0       2.1                          
    0:00:01  214308.0      0.00       0.0       2.1                          


  Beginning Design Rule Fixing  (max_capacitance)
  ----------------------------

                                  TOTAL                                      
   ELAPSED            WORST NEG   SETUP    DESIGN                            
    TIME      AREA      SLACK     COST    RULE COST         ENDPOINT         
  --------- --------- --------- --------- --------- -------------------------
    0:00:01  214308.0      0.00       0.0       2.1                          
    0:00:01  214812.0      0.00       0.0       0.0                          


  Beginning Area-Recovery Phase  (cleanup)
  -----------------------------

                                  TOTAL                                      
   ELAPSED            WORST NEG   SETUP    DESIGN                            
    TIME      AREA      SLACK     COST    RULE COST         ENDPOINT         
  --------- --------- --------- --------- --------- -------------------------
    0:00:01  214812.0      0.00       0.0       0.0                          
    0:00:01  214812.0      0.00       0.0       0.0                          
    0:00:01  214740.0      0.00       0.0       0.0                          
    0:00:01  214740.0      0.00       0.0       0.0                          
    0:00:01  214740.0      0.00       0.0       0.0                          
    0:00:01  214740.0      0.00       0.0       0.0                          
    0:00:01  214740.0      0.00       0.0       0.0                          
    0:00:01  214740.0      0.00       0.0       0.0                          
    0:00:01  214740.0      0.00       0.0       0.0                          
    0:00:01  214740.0      0.00       0.0       0.0                          
    0:00:01  214740.0      0.00       0.0       0.0                          
Loading db file '/package/eda/cells/OSU/v2.7/synopsys/lib/ami05/osu05_stdcells.db'


Note: Symbol # after min delay cost means estimated hold TNS across all active scenarios 


  Optimization Complete
  ---------------------
# Step 4: Output reports
report_timing -path full -delay max -max_paths 1 -nworst 1 > reports/ahb_slave.rep
report_area >> reports/ahb_slave.rep
report_power -hier >> reports/ahb_slave.rep
# Step 5: Output final VHDL and Verilog files
write_file -format verilog -hierarchy -output "mapped/ahb_slave.v"
Writing verilog file '/home/ecegrid/a/mg131/ece337/test/mapped/ahb_slave.v'.
echo "\nScript Done\n"

Script Done

echo "\nChecking Design\n"

Checking Design

check_design
quit

Thank you...
Done


